<?xml version="1.0" encoding="UTF-8"?>
<!-- Generated by org.testng.reporters.JUnitXMLReporter -->
<testsuite hostname="DESKTOP-OLTTCV0" ignored="0" name="FBNewToursAndLinkDin" tests="3" failures="3" timestamp="09 Mar 2018 17:16:34 GMT" time="7.854" errors="0">
  <testcase name="NewTOURSValidation" time="0.02" classname="com.hybrid.tests.NewTOURSTest">
    <failure type="java.lang.AssertionError" message="expected [Welcome: iii] but found [Welcome: Mercury Tours]">
      <![CDATA[java.lang.AssertionError: expected [Welcome: iii] but found [Welcome: Mercury Tours]at com.hybrid.tests.NewTOURSTest.NewTOURSValidation(NewTOURSTest.java:27)at java.util.concurrent.ThreadPoolExecutor.runWorker(Unknown Source)at java.util.concurrent.ThreadPoolExecutor$Worker.run(Unknown Source)at java.lang.Thread.run(Unknown Source)... Removed 16 stack frames]]>
    </failure>
  </testcase> <!-- NewTOURSValidation -->
  <testcase name="LinkDinValidation" time="0.015" classname="com.hybrid.tests.LinkDinTest">
    <failure type="java.lang.AssertionError" message="expected [Welcome: LinkDin] but found [LinkedIn: Log In or Sign Up]">
      <![CDATA[java.lang.AssertionError: expected [Welcome: LinkDin] but found [LinkedIn: Log In or Sign Up]at com.hybrid.tests.LinkDinTest.LinkDinValidation(LinkDinTest.java:24)at java.util.concurrent.ThreadPoolExecutor.runWorker(Unknown Source)at java.util.concurrent.ThreadPoolExecutor$Worker.run(Unknown Source)at java.lang.Thread.run(Unknown Source)... Removed 16 stack frames]]>
    </failure>
  </testcase> <!-- LinkDinValidation -->
  <testcase name="FBTileValidation" time="0.023" classname="com.hybrid.tests.FBTtileTest">
    <failure type="java.lang.AssertionError" message="expected [Log into Facebook] but found [Facebook - Log In or Sign Up]">
      <![CDATA[java.lang.AssertionError: expected [Log into Facebook] but found [Facebook - Log In or Sign Up]at com.hybrid.tests.FBTtileTest.FBTileValidation(FBTtileTest.java:24)at java.util.concurrent.ThreadPoolExecutor.runWorker(Unknown Source)at java.util.concurrent.ThreadPoolExecutor$Worker.run(Unknown Source)at java.lang.Thread.run(Unknown Source)... Removed 16 stack frames]]>
    </failure>
  </testcase> <!-- FBTileValidation -->
</testsuite> <!-- FBNewToursAndLinkDin -->
